<?xml version="1.0" encoding="UTF-8"?>
<!-- Generated by org.testng.reporters.JUnitReportReporter -->
<testsuite skipped="0" hostname="DESKTOP-18RJ58P" name="com.megatron.test.smoke.TestSample" tests="1" failures="0" timestamp="30 Sep 2018 09:50:20 GMT" time="13.927" errors="0">
  <testcase name="testLoginPageTitle" time="13.927" classname="com.megatron.test.smoke.TestSample"/>
</testsuite> <!-- com.megatron.test.smoke.TestSample -->
